<?xml version="1.0" encoding="UTF-8"?>
<!-- Generated by org.testng.reporters.JUnitReportReporter -->
<testsuite skipped="0" hostname="DESKTOP-DHM9ER7" name="com.bddcucumberframework.runner.TestNGtestRunner" tests="1" failures="0" timestamp="2022-03-06T13:53:07 EET" time="20.547" errors="0">
  <testcase name="runScenario" time="20.547" classname="com.bddcucumberframework.runner.TestNGtestRunner"/>
  <system-out/>
</testsuite> <!-- com.bddcucumberframework.runner.TestNGtestRunner -->
