<?xml version="1.0" encoding="UTF-8"?>
<!-- Generated by org.testng.reporters.JUnitReportReporter -->
<testsuite hostname="DESKTOP-DHM9ER7" failures="0" tests="9" name="com.bddcucumberframework.runner.TestNGtestRunner" time="82.293" errors="0" timestamp="2022-05-29T13:39:57 EEST" skipped="0">
  <testcase classname="com.bddcucumberframework.runner.TestNGtestRunner" name="runScenario" time="2.382"/>
  <system-out/>
  <testcase classname="com.bddcucumberframework.runner.TestNGtestRunner" name="runScenario" time="2.164"/>
  <system-out/>
  <testcase classname="com.bddcucumberframework.runner.TestNGtestRunner" name="runScenario" time="22.309"/>
  <system-out/>
  <testcase classname="com.bddcucumberframework.runner.TestNGtestRunner" name="runScenario" time="2.654"/>
  <system-out/>
  <testcase classname="com.bddcucumberframework.runner.TestNGtestRunner" name="runScenario" time="2.208"/>
  <system-out/>
  <testcase classname="com.bddcucumberframework.runner.TestNGtestRunner" name="runScenario" time="2.427"/>
  <system-out/>
  <testcase classname="com.bddcucumberframework.runner.TestNGtestRunner" name="runScenario" time="3.483"/>
  <system-out/>
  <testcase classname="com.bddcucumberframework.runner.TestNGtestRunner" name="runScenario" time="22.334"/>
  <system-out/>
  <testcase classname="com.bddcucumberframework.runner.TestNGtestRunner" name="runScenario" time="22.332"/>
  <system-out/>
</testsuite> <!-- com.bddcucumberframework.runner.TestNGtestRunner -->
